2024-06-10 10:13:49,794 [MainThread  ] [INFO ]  Executing biobb_gromacs.gromacs.grompp Version: 4.2.0
2024-06-10 10:13:49,831 [MainThread  ] [INFO ]  Copy: emout.gro to /data/wf_notebook/cf3c64df-a46f-470c-90ba-4379f40cf488
2024-06-10 10:13:49,865 [MainThread  ] [INFO ]  Extracting: /data/wf_notebook/pmxB_top.zip
2024-06-10 10:13:49,869 [MainThread  ] [INFO ]  to:
2024-06-10 10:13:49,873 [MainThread  ] [INFO ]  ['/data/wf_notebook/cf3c64df-a46f-470c-90ba-4379f40cf488/p2g.top', '/data/wf_notebook/cf3c64df-a46f-470c-90ba-4379f40cf488/pmx_p2g_Ion.itp', '/data/wf_notebook/cf3c64df-a46f-470c-90ba-4379f40cf488/pmx_p2g_Protein_chain_A.itp', '/data/wf_notebook/cf3c64df-a46f-470c-90ba-4379f40cf488/posre_Ion.itp', '/data/wf_notebook/cf3c64df-a46f-470c-90ba-4379f40cf488/posre_Protein_chain_A.itp']
2024-06-10 10:13:49,876 [MainThread  ] [INFO ]  Unzipping: 
2024-06-10 10:13:49,881 [MainThread  ] [INFO ]  pmxB_top.zip
2024-06-10 10:13:49,883 [MainThread  ] [INFO ]  To: 
2024-06-10 10:13:49,888 [MainThread  ] [INFO ]  /data/wf_notebook/cf3c64df-a46f-470c-90ba-4379f40cf488/p2g.top
2024-06-10 10:13:49,893 [MainThread  ] [INFO ]  /data/wf_notebook/cf3c64df-a46f-470c-90ba-4379f40cf488/pmx_p2g_Ion.itp
2024-06-10 10:13:49,897 [MainThread  ] [INFO ]  /data/wf_notebook/cf3c64df-a46f-470c-90ba-4379f40cf488/pmx_p2g_Protein_chain_A.itp
2024-06-10 10:13:49,902 [MainThread  ] [INFO ]  /data/wf_notebook/cf3c64df-a46f-470c-90ba-4379f40cf488/posre_Ion.itp
2024-06-10 10:13:49,908 [MainThread  ] [INFO ]  /data/wf_notebook/cf3c64df-a46f-470c-90ba-4379f40cf488/posre_Protein_chain_A.itp
2024-06-10 10:13:49,918 [MainThread  ] [INFO ]  gmx -nobackup -nocopyright grompp -f /data/wf_notebook/cf3c64df-a46f-470c-90ba-4379f40cf488/grompp.mdp -c /data/wf_notebook/cf3c64df-a46f-470c-90ba-4379f40cf488/emout.gro -r /data/wf_notebook/cf3c64df-a46f-470c-90ba-4379f40cf488/emout.gro -p /data/wf_notebook/cf3c64df-a46f-470c-90ba-4379f40cf488/p2g.top -o /data/wf_notebook/cf3c64df-a46f-470c-90ba-4379f40cf488/eqB_20ps.tpr -po mdout.mdp -maxwarn 10

2024-06-10 10:13:53,032 [MainThread  ] [INFO ]  Exit code 0

2024-06-10 10:13:53,036 [MainThread  ] [INFO ]  Setting the LD random seed to -73596976

Generated 5253 of the 5253 non-bonded parameter combinations

Generated 5253 of the 5253 1-4 parameter combinations

Excluding 3 bonded neighbours molecule type 'Protein_chain_A'

turning H bonds into constraints...

Excluding 3 bonded neighbours molecule type 'Ion'

turning H bonds into constraints...

Excluding 2 bonded neighbours molecule type 'SOL'

turning H bonds into constraints...
Analysing residue names:
There are:   136    Protein residues
There are:    74        Ion residues
There are: 10949      Water residues
Analysing Protein...
Analysing residues not classified as Protein/DNA/RNA/Water and splitting into groups...

The largest distance between excluded atoms is 0.427 nm

Determining Verlet buffer for a tolerance of 0.005 kJ/mol/ps at 300 K

Calculated rlist for 1x1 atom pair-list as 1.012 nm, buffer size 0.012 nm

Set rlist, assuming 4x4 atom pair-list, to 1.000 nm, buffer size 0.000 nm

Note that mdrun will redetermine rlist based on the actual pair-list setup
Calculating fourier grid dimensions for X Y Z
Using a fourier grid of 72x72x72, spacing 0.110 0.110 0.110

Estimate for the relative computational load of the PME mesh part: 0.21

This run will generate roughly 7 Mb of data

2024-06-10 10:13:53,110 [MainThread  ] [INFO ]  Removed: ['/data/wf_notebook/cf3c64df-a46f-470c-90ba-4379f40cf488', 'mdout.mdp']
