2024-06-10 10:10:39,677 [MainThread  ] [INFO ]  Executing biobb_gromacs.gromacs.pdb2gmx Version: 4.2.0
2024-06-10 10:10:39,726 [MainThread  ] [INFO ]  Copy: mutA.pdb to /data/wf_notebook/3252b5cc-070b-464f-b6b3-26cf9fd276cb
2024-06-10 10:10:39,731 [MainThread  ] [INFO ]  gmx -nobackup -nocopyright pdb2gmx -f /data/wf_notebook/3252b5cc-070b-464f-b6b3-26cf9fd276cb/mutA.pdb -o /data/wf_notebook/3252b5cc-070b-464f-b6b3-26cf9fd276cb/pdb2gmxA.gro -p p2g.top -water spce -ff amber99sb-star-ildn-mut -i posre.itp

2024-06-10 10:11:06,083 [MainThread  ] [INFO ]  Exit code 0

2024-06-10 10:11:06,089 [MainThread  ] [INFO ]  Using the Amber99sb-star-ildn-mut force field in directory /opt/conda/envs/biobb_wf_pmx_tutorial/lib/python3.10/site-packages/pmx/data/mutff//amber99sb-star-ildn-mut.ff

going to rename /opt/conda/envs/biobb_wf_pmx_tutorial/lib/python3.10/site-packages/pmx/data/mutff//amber99sb-star-ildn-mut.ff/aminoacids.r2b

going to rename /opt/conda/envs/biobb_wf_pmx_tutorial/lib/python3.10/site-packages/pmx/data/mutff//amber99sb-star-ildn-mut.ff/dna.r2b

going to rename /opt/conda/envs/biobb_wf_pmx_tutorial/lib/python3.10/site-packages/pmx/data/mutff//amber99sb-star-ildn-mut.ff/rna.r2b
Reading /data/wf_notebook/3252b5cc-070b-464f-b6b3-26cf9fd276cb/mutA.pdb...
Read 'PMX MODEL', 35146 atoms

Analyzing pdb file
Splitting chemical chains based on TER records or chain id changing.

There are 2 chains and 1 blocks of water and 11158 residues with 35146 atoms

  chain  #res #atoms

  1 'A'   136   2228  

  2 ' '    74     74  

  3 ' ' 10948  32844  (only water)

All occupancies are one

Reading residue database... (Amber99sb-star-ildn-mut)

Processing chain 1 'A' (2228 atoms, 136 residues)

Identified residue LYS1 as a starting terminus.

Identified residue SER136 as a ending terminus.

Checking for duplicate atoms....

Generating any missing hydrogen atoms and/or adding termini.

Now there are 136 residues with 2228 atoms
Chain time...

Making bonds...

Number of bonds was 2250, now 2249

Generating angles, dihedrals and pairs...

Making cmap torsions...

There are 6172 dihedrals,  531 impropers, 4106 angles
          5917 pairs,     2249 bonds and     0 virtual sites

Total mass 15518.218 a.m.u.

Total charge 10.000 e

Writing topology

Processing chain 2 (74 atoms, 74 residues)

Residue NaJ1085 has type 'Ion', assuming it is not linked into a chain.

Residue NaJ1086 has type 'Ion', assuming it is not linked into a chain.

Residue NaJ1087 has type 'Ion', assuming it is not linked into a chain.

Residue NaJ1088 has type 'Ion', assuming it is not linked into a chain.

Residue NaJ1089 has type 'Ion', assuming it is not linked into a chain.

Disabling further notes about ions.

Problem with chain definition, or missing terminal residues. This chain does not appear to contain a recognized chain molecule. If this is incorrect, you can edit residuetypes.dat to modify the behavior.

Checking for duplicate atoms....

Generating any missing hydrogen atoms and/or adding termini.

Now there are 74 residues with 74 atoms
Chain time...

Making bonds...

No bonds

Generating angles, dihedrals and pairs...

Making cmap torsions...

There are    0 dihedrals,    0 impropers,    0 angles
             0 pairs,        0 bonds and     0 virtual sites

Total mass 2224.580 a.m.u.

Total charge -10.000 e

Writing topology

Processing chain 3 (32844 atoms, 10948 residues)

Problem with chain definition, or missing terminal residues. This chain does not appear to contain a recognized chain molecule. If this is incorrect, you can edit residuetypes.dat to modify the behavior.

Checking for duplicate atoms....

Generating any missing hydrogen atoms and/or adding termini.

Now there are 10948 residues with 32844 atoms

Making bonds...

Number of bonds was 21896, now 21896

Generating angles, dihedrals and pairs...

Making cmap torsions...

There are    0 dihedrals,    0 impropers, 10948 angles
             0 pairs,     21896 bonds and     0 virtual sites

Total mass 197239.168 a.m.u.

Total charge 0.000 e

Including chain 1 in system: 2228 atoms 136 residues

Including chain 2 in system: 74 atoms 74 residues

Including chain 3 in system: 32844 atoms 10948 residues

Now there are 35146 atoms and 11158 residues

Total mass in system 214981.967 a.m.u.

Total charge in system 0.000 e

Writing coordinate file...

		--------- PLEASE NOTE ------------

You have successfully generated a topology from: /data/wf_notebook/3252b5cc-070b-464f-b6b3-26cf9fd276cb/mutA.pdb.

The Amber99sb-star-ildn-mut force field and the spce water model are used.

		--------- ETON ESAELP ------------

2024-06-10 10:11:06,149 [MainThread  ] [INFO ]  Compressing topology to: pdb2gmxA_top.zip
2024-06-10 10:11:06,158 [MainThread  ] [INFO ]  Ignored file amber99sb-star-ildn-mut.ff/forcefield.itp
2024-06-10 10:11:06,220 [MainThread  ] [INFO ]  Ignored file amber99sb-star-ildn-mut.ff/spce.itp
2024-06-10 10:11:06,225 [MainThread  ] [INFO ]  Ignored file amber99sb-star-ildn-mut.ff/ions.itp
2024-06-10 10:11:06,320 [MainThread  ] [INFO ]  Adding:
2024-06-10 10:11:06,323 [MainThread  ] [INFO ]  ['p2g.top', 'p2g_Ion.itp', 'p2g_Protein_chain_A.itp', 'posre_Ion.itp', 'posre_Protein_chain_A.itp']
2024-06-10 10:11:06,327 [MainThread  ] [INFO ]  to: /data/wf_notebook/pdb2gmxA_top.zip
2024-06-10 10:11:06,337 [MainThread  ] [INFO ]  Removed: ['posre_Protein_chain_A.itp', 'p2g_Protein_chain_A.itp', 'posre_Ion.itp', 'p2g_Ion.itp', 'p2g.top']
2024-06-10 10:11:06,348 [MainThread  ] [INFO ]  Removed: ['/data/wf_notebook/3252b5cc-070b-464f-b6b3-26cf9fd276cb']
