2024-06-10 10:11:33,238 [MainThread  ] [INFO ]                 :-) GROMACS - gmx pdb2gmx, 2022.2-conda_forge (-:

Executable:   /opt/conda/envs/biobb_wf_pmx_tutorial/bin.SSE2/gmx
Data prefix:  /opt/conda/envs/biobb_wf_pmx_tutorial
Working dir:  /data/wf_notebook
Command line:
  gmx -nobackup -nocopyright pdb2gmx -f /data/wf_notebook/5e23ecaa-aa43-49e0-9681-335fec1b60ce/mutB.pdb -o /data/wf_notebook/5e23ecaa-aa43-49e0-9681-335fec1b60ce/pdb2gmxB.gro -p p2g.top -water spce -ff amber99sb-star-ildn-mut -i posre.itp

Opening force field file /opt/conda/envs/biobb_wf_pmx_tutorial/lib/python3.10/site-packages/pmx/data/mutff//amber99sb-star-ildn-mut.ff/aminoacids.r2b
Opening force field file /opt/conda/envs/biobb_wf_pmx_tutorial/lib/python3.10/site-packages/pmx/data/mutff//amber99sb-star-ildn-mut.ff/dna.r2b
Opening force field file /opt/conda/envs/biobb_wf_pmx_tutorial/lib/python3.10/site-packages/pmx/data/mutff//amber99sb-star-ildn-mut.ff/rna.r2b
All occupancies are one
Opening force field file /opt/conda/envs/biobb_wf_pmx_tutorial/lib/python3.10/site-packages/pmx/data/mutff//amber99sb-star-ildn-mut.ff/atomtypes.atp
Opening force field file /opt/conda/envs/biobb_wf_pmx_tutorial/lib/python3.10/site-packages/pmx/data/mutff//amber99sb-star-ildn-mut.ff/aminoacids.rtp
Opening force field file /opt/conda/envs/biobb_wf_pmx_tutorial/lib/python3.10/site-packages/pmx/data/mutff//amber99sb-star-ildn-mut.ff/dna.rtp
Opening force field file /opt/conda/envs/biobb_wf_pmx_tutorial/lib/python3.10/site-packages/pmx/data/mutff//amber99sb-star-ildn-mut.ff/mutres.rtp
Opening force field file /opt/conda/envs/biobb_wf_pmx_tutorial/lib/python3.10/site-packages/pmx/data/mutff//amber99sb-star-ildn-mut.ff/rna.rtp
Opening force field file /opt/conda/envs/biobb_wf_pmx_tutorial/lib/python3.10/site-packages/pmx/data/mutff//amber99sb-star-ildn-mut.ff/aminoacids.hdb
Opening force field file /opt/conda/envs/biobb_wf_pmx_tutorial/lib/python3.10/site-packages/pmx/data/mutff//amber99sb-star-ildn-mut.ff/dna.hdb
Opening force field file /opt/conda/envs/biobb_wf_pmx_tutorial/lib/python3.10/site-packages/pmx/data/mutff//amber99sb-star-ildn-mut.ff/rna.hdb
Opening force field file /opt/conda/envs/biobb_wf_pmx_tutorial/lib/python3.10/site-packages/pmx/data/mutff//amber99sb-star-ildn-mut.ff/aminoacids.n.tdb
Opening force field file /opt/conda/envs/biobb_wf_pmx_tutorial/lib/python3.10/site-packages/pmx/data/mutff//amber99sb-star-ildn-mut.ff/aminoacids.c.tdb
Analysing hydrogen-bonding network for automated assignment of histidine
 protonation. 210 donors and 198 acceptors were found.
There are 297 hydrogen bonds
Will use HISE for residue 3
Will use HISE for residue 41
Will use HISE for residue 116
Will use HISE for residue 119
8 out of 8 lines of specbond.dat converted successfully
Special Atom Distance matrix:
                    HIS3   MET21   MET27   HIS41   MET60   MET93  HIS116
                   NE255   SD339   SD437  NE2677   SD977  SD1508 NE21877
   MET21   SD339   2.016
   MET27   SD437   1.595   1.007
   HIS41  NE2677   3.557   3.050   2.486
   MET60   SD977   2.116   2.166   2.004   2.431
   MET93  SD1508   1.559   2.354   1.840   2.503   0.925
  HIS116 NE21877   1.133   2.478   1.896   2.946   1.470   0.612
  HIS119 NE21926   1.876   2.831   2.384   2.834   1.082   0.553   0.831
                
                
Opening force field file /opt/conda/envs/biobb_wf_pmx_tutorial/lib/python3.10/site-packages/pmx/data/mutff//amber99sb-star-ildn-mut.ff/aminoacids.arn
Opening force field file /opt/conda/envs/biobb_wf_pmx_tutorial/lib/python3.10/site-packages/pmx/data/mutff//amber99sb-star-ildn-mut.ff/dna.arn
Opening force field file /opt/conda/envs/biobb_wf_pmx_tutorial/lib/python3.10/site-packages/pmx/data/mutff//amber99sb-star-ildn-mut.ff/rna.arn
Before cleaning: 5950 pairs
Before cleaning: 6172 dihedrals
8 out of 8 lines of specbond.dat converted successfully
Opening force field file /opt/conda/envs/biobb_wf_pmx_tutorial/lib/python3.10/site-packages/pmx/data/mutff//amber99sb-star-ildn-mut.ff/aminoacids.arn
Opening force field file /opt/conda/envs/biobb_wf_pmx_tutorial/lib/python3.10/site-packages/pmx/data/mutff//amber99sb-star-ildn-mut.ff/dna.arn
Opening force field file /opt/conda/envs/biobb_wf_pmx_tutorial/lib/python3.10/site-packages/pmx/data/mutff//amber99sb-star-ildn-mut.ff/rna.arn
8 out of 8 lines of specbond.dat converted successfully
Opening force field file /opt/conda/envs/biobb_wf_pmx_tutorial/lib/python3.10/site-packages/pmx/data/mutff//amber99sb-star-ildn-mut.ff/aminoacids.arn
Opening force field file /opt/conda/envs/biobb_wf_pmx_tutorial/lib/python3.10/site-packages/pmx/data/mutff//amber99sb-star-ildn-mut.ff/dna.arn
Opening force field file /opt/conda/envs/biobb_wf_pmx_tutorial/lib/python3.10/site-packages/pmx/data/mutff//amber99sb-star-ildn-mut.ff/rna.arn

GROMACS reminds you: "Live for Liposuction" (Robbie Williams)


