2024-06-10 10:11:56,312 [MainThread  ] [INFO ]  Executing biobb_pmx.pmxbiobb.pmxgentop Version: 4.2.1
2024-06-10 10:11:56,382 [MainThread  ] [INFO ]  Extracting: /data/wf_notebook/pdb2gmxB_top.zip
2024-06-10 10:11:56,385 [MainThread  ] [INFO ]  to:
2024-06-10 10:11:56,389 [MainThread  ] [INFO ]  ['5643e8ec-0bc7-4f65-abde-9eca26cc7b7a/p2g.top', '5643e8ec-0bc7-4f65-abde-9eca26cc7b7a/p2g_Ion.itp', '5643e8ec-0bc7-4f65-abde-9eca26cc7b7a/p2g_Protein_chain_A.itp', '5643e8ec-0bc7-4f65-abde-9eca26cc7b7a/posre_Ion.itp', '5643e8ec-0bc7-4f65-abde-9eca26cc7b7a/posre_Protein_chain_A.itp']
2024-06-10 10:11:56,393 [MainThread  ] [INFO ]  Unzipping: 
2024-06-10 10:11:56,399 [MainThread  ] [INFO ]  pdb2gmxB_top.zip
2024-06-10 10:11:56,406 [MainThread  ] [INFO ]  To: 
2024-06-10 10:11:56,410 [MainThread  ] [INFO ]  5643e8ec-0bc7-4f65-abde-9eca26cc7b7a/p2g.top
2024-06-10 10:11:56,417 [MainThread  ] [INFO ]  5643e8ec-0bc7-4f65-abde-9eca26cc7b7a/p2g_Ion.itp
2024-06-10 10:11:56,422 [MainThread  ] [INFO ]  5643e8ec-0bc7-4f65-abde-9eca26cc7b7a/p2g_Protein_chain_A.itp
2024-06-10 10:11:56,428 [MainThread  ] [INFO ]  5643e8ec-0bc7-4f65-abde-9eca26cc7b7a/posre_Ion.itp
2024-06-10 10:11:56,432 [MainThread  ] [INFO ]  5643e8ec-0bc7-4f65-abde-9eca26cc7b7a/posre_Protein_chain_A.itp
2024-06-10 10:11:56,442 [MainThread  ] [INFO ]  unique_dir_output_file: 5c018fd6-0360-448e-b6b6-0a5878369001/p2g.top
2024-06-10 10:11:56,447 [MainThread  ] [INFO ]  pmx gentop -o 5c018fd6-0360-448e-b6b6-0a5878369001/p2g.top -ff amber99sb-star-ildn-mut -p 5643e8ec-0bc7-4f65-abde-9eca26cc7b7a/p2g.top

2024-06-10 10:12:19,237 [MainThread  ] [INFO ]  Exit code 0

2024-06-10 10:12:19,242 [MainThread  ] [INFO ]  
log_> Reading input top file "5643e8ec-0bc7-4f65-abde-9eca26cc7b7a/p2g.top"
log_> Making bonds for state B -> 0 bonds with perturbed atoms
log_> Making angles for state B -> 0 angles with perturbed atoms
log_> Making dihedrals for state B -> 0 dihedrals with perturbed atoms
log_> Removed 0 fake dihedrals
log_> Total charge of state A = 0
log_> Total charge of state B = 0

log_> Reading input itp file "p2g_Protein_chain_A.itp""
log_> Scanning database for A2I 
log_> Hybrid Residue -> 10 | A2I 
log_> Making bonds for state B -> 22 bonds with perturbed atoms
log_> Making angles for state B -> 49 angles with perturbed atoms
log_> Making dihedrals for state B -> 57 dihedrals with perturbed atoms
log_> Removed 12 fake dihedrals
log_> Total charge of state A = 10
log_> Total charge of state B = 10

log_> Reading input itp file "p2g_Ion.itp""
log_> Making bonds for state B -> 0 bonds with perturbed atoms
log_> Making angles for state B -> 0 angles with perturbed atoms
log_> Making dihedrals for state B -> 0 dihedrals with perturbed atoms
log_> Removed 0 fake dihedrals
log_> Total charge of state A = -10
log_> Total charge of state B = -10

log_> Writing itp file "/data/wf_notebook/5c018fd6-0360-448e-b6b6-0a5878369001/pmx_p2g_Protein_chain_A.itp""

log_> Writing itp file "/data/wf_notebook/5c018fd6-0360-448e-b6b6-0a5878369001/pmx_p2g_Ion.itp""

log_> Writing topology file "5c018fd6-0360-448e-b6b6-0a5878369001/p2g.top""

b-states filled...........


2024-06-10 10:12:19,258 [MainThread  ] [INFO ]  Check if 5c018fd6-0360-448e-b6b6-0a5878369001/p2g.top exists
2024-06-10 10:12:19,264 [MainThread  ] [INFO ]  Check if 5c018fd6-0360-448e-b6b6-0a5878369001/p2g_Ion.itp exists
2024-06-10 10:12:19,279 [MainThread  ] [INFO ]  Copying 5643e8ec-0bc7-4f65-abde-9eca26cc7b7a/p2g_Ion.itp to: 5c018fd6-0360-448e-b6b6-0a5878369001
2024-06-10 10:12:19,285 [MainThread  ] [INFO ]  Check if 5c018fd6-0360-448e-b6b6-0a5878369001/p2g_Protein_chain_A.itp exists
2024-06-10 10:12:19,310 [MainThread  ] [INFO ]  Copying 5643e8ec-0bc7-4f65-abde-9eca26cc7b7a/p2g_Protein_chain_A.itp to: 5c018fd6-0360-448e-b6b6-0a5878369001
2024-06-10 10:12:19,314 [MainThread  ] [INFO ]  Check if 5c018fd6-0360-448e-b6b6-0a5878369001/posre_Ion.itp exists
2024-06-10 10:12:19,331 [MainThread  ] [INFO ]  Copying 5643e8ec-0bc7-4f65-abde-9eca26cc7b7a/posre_Ion.itp to: 5c018fd6-0360-448e-b6b6-0a5878369001
2024-06-10 10:12:19,334 [MainThread  ] [INFO ]  Check if 5c018fd6-0360-448e-b6b6-0a5878369001/posre_Protein_chain_A.itp exists
2024-06-10 10:12:19,351 [MainThread  ] [INFO ]  Copying 5643e8ec-0bc7-4f65-abde-9eca26cc7b7a/posre_Protein_chain_A.itp to: 5c018fd6-0360-448e-b6b6-0a5878369001
2024-06-10 10:12:19,355 [MainThread  ] [INFO ]  Compressing topology to: pmxB_top.zip
2024-06-10 10:12:19,363 [MainThread  ] [INFO ]  Ignored file 5c018fd6-0360-448e-b6b6-0a5878369001/amber99sb-star-ildn-mut.ff/forcefield.itp
2024-06-10 10:12:19,423 [MainThread  ] [INFO ]  Ignored file 5c018fd6-0360-448e-b6b6-0a5878369001/amber99sb-star-ildn-mut.ff/spce.itp
2024-06-10 10:12:19,428 [MainThread  ] [INFO ]  Ignored file 5c018fd6-0360-448e-b6b6-0a5878369001/amber99sb-star-ildn-mut.ff/ions.itp
2024-06-10 10:12:19,529 [MainThread  ] [INFO ]  Adding:
2024-06-10 10:12:19,533 [MainThread  ] [INFO ]  ['5c018fd6-0360-448e-b6b6-0a5878369001/p2g.top', '5c018fd6-0360-448e-b6b6-0a5878369001/pmx_p2g_Ion.itp', '5c018fd6-0360-448e-b6b6-0a5878369001/pmx_p2g_Protein_chain_A.itp', '5c018fd6-0360-448e-b6b6-0a5878369001/posre_Ion.itp', '5c018fd6-0360-448e-b6b6-0a5878369001/posre_Protein_chain_A.itp']
2024-06-10 10:12:19,538 [MainThread  ] [INFO ]  to: /data/wf_notebook/pmxB_top.zip
2024-06-10 10:12:19,546 [MainThread  ] [INFO ]  Removed: ['5c018fd6-0360-448e-b6b6-0a5878369001/posre_Protein_chain_A.itp', '5c018fd6-0360-448e-b6b6-0a5878369001/pmx_p2g_Protein_chain_A.itp', '5c018fd6-0360-448e-b6b6-0a5878369001/posre_Ion.itp', '5c018fd6-0360-448e-b6b6-0a5878369001/pmx_p2g_Ion.itp', '5c018fd6-0360-448e-b6b6-0a5878369001/p2g.top']
