2024-06-10 10:13:09,998 [MainThread  ] [INFO ]  Executing biobb_gromacs.gromacs.make_ndx Version: 4.2.0
2024-06-10 10:13:10,050 [MainThread  ] [INFO ]  Copy: pdb2gmxB.gro to /data/wf_notebook/b6bbf41f-da7a-4fdf-9d7a-c0c7b72c79c8
2024-06-10 10:13:10,070 [MainThread  ] [INFO ]  Copy: /data/wf_notebook/282c8c03-901c-4b50-aac5-14d5d699b4f9.stdin to /data/wf_notebook/b6bbf41f-da7a-4fdf-9d7a-c0c7b72c79c8
2024-06-10 10:13:10,074 [MainThread  ] [INFO ]  gmx -nobackup -nocopyright make_ndx -f /data/wf_notebook/b6bbf41f-da7a-4fdf-9d7a-c0c7b72c79c8/pdb2gmxB.gro -o /data/wf_notebook/b6bbf41f-da7a-4fdf-9d7a-c0c7b72c79c8/indexB.ndx < /data/wf_notebook/b6bbf41f-da7a-4fdf-9d7a-c0c7b72c79c8/282c8c03-901c-4b50-aac5-14d5d699b4f9.stdin

2024-06-10 10:13:12,486 [MainThread  ] [INFO ]  Exit code 0

2024-06-10 10:13:12,491 [MainThread  ] [INFO ]  Going to read 0 old index file(s)
Analysing residue names:
There are:   135    Protein residues
There are:    75      Other residues
There are: 10949      Water residues
Analysing Protein...
Analysing residues not classified as Protein/DNA/RNA/Water and splitting into groups...

  0 System              : 35149 atoms
  1 Protein             :  2207 atoms
  2 Protein-H           :  1084 atoms
  3 C-alpha             :   135 atoms
  4 Backbone            :   405 atoms
  5 MainChain           :   541 atoms
  6 MainChain+Cb        :   667 atoms
  7 MainChain+H         :   672 atoms
  8 SideChain           :  1535 atoms
  9 SideChain-H         :   543 atoms
 10 Prot-Masses         :  2207 atoms
 11 non-Protein         : 32942 atoms
 12 Other               :    95 atoms
 13 A2I                 :    21 atoms
 14 NaJ                 :    32 atoms
 15 ClJ                 :    42 atoms
 16 Water               : 32847 atoms
 17 SOL                 : 32847 atoms
 18 non-Water           :  2302 atoms

 nr : group      '!': not  'name' nr name   'splitch' nr    Enter: list groups
 'a': atom       '&': and  'del' nr         'splitres' nr   'l': list residues
 't': atom type  '|': or   'keep' nr        'splitat' nr    'h': help
 'r': residue              'res' nr         'chain' char
 "name": group             'case': case sensitive           'q': save and quit
 'ri': residue index

> 
Found 3 atoms with name D*

 19 D*                  :     3 atoms

> 
Copied index group 0 'System'
Copied index group 19 'D*'
Complemented group: 35146 atoms
Merged two groups with AND: 35149 35146 -> 35146

 20 System_&_!D*        : 35146 atoms

> 

> 

2024-06-10 10:13:12,541 [MainThread  ] [INFO ]  Removed: ['/data/wf_notebook/b6bbf41f-da7a-4fdf-9d7a-c0c7b72c79c8', '/data/wf_notebook/282c8c03-901c-4b50-aac5-14d5d699b4f9.stdin']
