2024-06-10 10:13:15,570 [MainThread  ] [INFO ]  Executing biobb_gromacs.gromacs.grompp Version: 4.2.0
2024-06-10 10:13:15,610 [MainThread  ] [INFO ]  Copy: pdb2gmxB.gro to /data/wf_notebook/515206a8-d9ca-4940-a2cc-bf1ab2b9bc81
2024-06-10 10:13:15,646 [MainThread  ] [INFO ]  Copy: indexB.ndx to /data/wf_notebook/515206a8-d9ca-4940-a2cc-bf1ab2b9bc81
2024-06-10 10:13:15,698 [MainThread  ] [INFO ]  Extracting: /data/wf_notebook/pmxB_top.zip
2024-06-10 10:13:15,702 [MainThread  ] [INFO ]  to:
2024-06-10 10:13:15,706 [MainThread  ] [INFO ]  ['/data/wf_notebook/515206a8-d9ca-4940-a2cc-bf1ab2b9bc81/p2g.top', '/data/wf_notebook/515206a8-d9ca-4940-a2cc-bf1ab2b9bc81/pmx_p2g_Ion.itp', '/data/wf_notebook/515206a8-d9ca-4940-a2cc-bf1ab2b9bc81/pmx_p2g_Protein_chain_A.itp', '/data/wf_notebook/515206a8-d9ca-4940-a2cc-bf1ab2b9bc81/posre_Ion.itp', '/data/wf_notebook/515206a8-d9ca-4940-a2cc-bf1ab2b9bc81/posre_Protein_chain_A.itp']
2024-06-10 10:13:15,711 [MainThread  ] [INFO ]  Unzipping: 
2024-06-10 10:13:15,715 [MainThread  ] [INFO ]  pmxB_top.zip
2024-06-10 10:13:15,720 [MainThread  ] [INFO ]  To: 
2024-06-10 10:13:15,725 [MainThread  ] [INFO ]  /data/wf_notebook/515206a8-d9ca-4940-a2cc-bf1ab2b9bc81/p2g.top
2024-06-10 10:13:15,729 [MainThread  ] [INFO ]  /data/wf_notebook/515206a8-d9ca-4940-a2cc-bf1ab2b9bc81/pmx_p2g_Ion.itp
2024-06-10 10:13:15,733 [MainThread  ] [INFO ]  /data/wf_notebook/515206a8-d9ca-4940-a2cc-bf1ab2b9bc81/pmx_p2g_Protein_chain_A.itp
2024-06-10 10:13:15,738 [MainThread  ] [INFO ]  /data/wf_notebook/515206a8-d9ca-4940-a2cc-bf1ab2b9bc81/posre_Ion.itp
2024-06-10 10:13:15,743 [MainThread  ] [INFO ]  /data/wf_notebook/515206a8-d9ca-4940-a2cc-bf1ab2b9bc81/posre_Protein_chain_A.itp
2024-06-10 10:13:15,755 [MainThread  ] [INFO ]  gmx -nobackup -nocopyright grompp -f /data/wf_notebook/515206a8-d9ca-4940-a2cc-bf1ab2b9bc81/grompp.mdp -c /data/wf_notebook/515206a8-d9ca-4940-a2cc-bf1ab2b9bc81/pdb2gmxB.gro -r /data/wf_notebook/515206a8-d9ca-4940-a2cc-bf1ab2b9bc81/pdb2gmxB.gro -p /data/wf_notebook/515206a8-d9ca-4940-a2cc-bf1ab2b9bc81/p2g.top -o /data/wf_notebook/515206a8-d9ca-4940-a2cc-bf1ab2b9bc81/em.tpr -po mdout.mdp -maxwarn 10 -n /data/wf_notebook/515206a8-d9ca-4940-a2cc-bf1ab2b9bc81/indexB.ndx

2024-06-10 10:13:18,659 [MainThread  ] [INFO ]  Exit code 0

2024-06-10 10:13:18,663 [MainThread  ] [INFO ]  Setting the LD random seed to -1225461761

Generated 5253 of the 5253 non-bonded parameter combinations

Generated 5253 of the 5253 1-4 parameter combinations

Excluding 3 bonded neighbours molecule type 'Protein_chain_A'

Excluding 3 bonded neighbours molecule type 'Ion'

Excluding 2 bonded neighbours molecule type 'SOL'

The largest distance between excluded atoms is 0.427 nm
Calculating fourier grid dimensions for X Y Z
Using a fourier grid of 72x72x72, spacing 0.110 0.110 0.110

Estimate for the relative computational load of the PME mesh part: 0.19

This run will generate roughly 3 Mb of data

2024-06-10 10:13:18,725 [MainThread  ] [INFO ]  Removed: ['/data/wf_notebook/515206a8-d9ca-4940-a2cc-bf1ab2b9bc81', 'mdout.mdp']
